#
# There is insufficient memory for the Java Runtime Environment to continue.
# Native memory allocation (mmap) failed to map 134217728 bytes for Failed to commit area from 0x0000000081400000 to 0x0000000089400000 of length 134217728.
# Possible reasons:
#   The system is out of physical RAM or swap space
#   The process is running with CompressedOops enabled, and the Java Heap may be blocking the growth of the native heap
# Possible solutions:
#   Reduce memory load on the system
#   Increase physical memory or swap space
#   Check if swap backing store is full
#   Decrease Java heap size (-Xmx/-Xms)
#   Decrease number of Java threads
#   Decrease Java thread stack sizes (-Xss)
#   Set larger code cache with -XX:ReservedCodeCacheSize=
# This output file may be truncated or incomplete.
#
#  Out of Memory Error (./open/src/hotspot/os/windows/os_windows.cpp:3287), pid=2164, tid=12188
#
# JRE version:  (11.0.16.1+1) (build )
# Java VM: Java HotSpot(TM) 64-Bit Server VM (11.0.16.1+1-LTS-1, mixed mode, sharing, tiered, compressed oops, g1 gc, windows-amd64)
# No core dump will be written. Minidumps are not enabled by default on client versions of Windows
#

---------------  S U M M A R Y ------------

Command Line: com.portfolio.argprograma.ArgprogramaApplication

Host: Intel(R) Core(TM) i5-6200U CPU @ 2.30GHz, 4 cores, 7G,  Windows 10 , 64 bit Build 19041 (10.0.19041.2364)
Time: Wed Jan 11 14:54:08 2023 Hora estándar de Argentina elapsed time: 0.182188 seconds (0d 0h 0m 0s)

---------------  T H R E A D  ---------------

Current thread (0x000001d95ebb4800):  JavaThread "Unknown thread" [_thread_in_vm, id=12188, stack(0x0000003ce4400000,0x0000003ce4500000)]

Stack: [0x0000003ce4400000,0x0000003ce4500000]
Native frames: (J=compiled Java code, j=interpreted, Vv=VM code, C=native code)
V  [jvm.dll+0x62a3da]
V  [jvm.dll+0x76407f]
V  [jvm.dll+0x765729]
V  [jvm.dll+0x765db3]
V  [jvm.dll+0x23dc18]
V  [jvm.dll+0x6276fa]
V  [jvm.dll+0x61c465]
V  [jvm.dll+0x2f2c2c]
V  [jvm.dll+0x2f2ab2]
V  [jvm.dll+0x2f77d6]
V  [jvm.dll+0x33a1df]
V  [jvm.dll+0x339c10]
V  [jvm.dll+0x2d0248]
V  [jvm.dll+0x2d13b6]
V  [jvm.dll+0x73e647]
V  [jvm.dll+0x73fedf]
V  [jvm.dll+0x346f09]
V  [jvm.dll+0x723f50]
V  [jvm.dll+0x3b5aef]
V  [jvm.dll+0x3b7c01]
C  [jli.dll+0x5207]
C  [ucrtbase.dll+0x21bb2]
C  [KERNEL32.DLL+0x17614]
C  [ntdll.dll+0x526a1]


---------------  P R O C E S S  ---------------

Threads class SMR info:
_java_thread_list=0x000001d95ea6b910, length=0, elements={
}

Java Threads: ( => current thread )

Other Threads:
  0x000001d95ebcb000 GCTaskThread "GC Thread#0" [stack: 0x0000003ce4500000,0x0000003ce4600000] [id=2700]
  0x000001d95ebfa800 ConcurrentGCThread "G1 Main Marker" [stack: 0x0000003ce4600000,0x0000003ce4700000] [id=15128]
  0x000001d95ebfc000 ConcurrentGCThread "G1 Conc#0" [stack: 0x0000003ce4700000,0x0000003ce4800000] [id=7792]

[error occurred during error reporting (printing all threads), id 0xc0000005, EXCEPTION_ACCESS_VIOLATION (0xc0000005) at pc=0x00007ff832d0f4d7]

VM state:not at safepoint (not fully initialized)

VM Mutex/Monitor currently owned by a thread:  ([mutex/lock_event])
[0x000001d95ebb12d0] Heap_lock - owner thread: 0x000001d95ebb4800

Heap address: 0x0000000081400000, size: 2028 MB, Compressed Oops mode: Non-zero based: 0x0000000081400000
Narrow klass base: 0x0000000000000000, Narrow klass shift: 0

GC Heap History (0 events):
No events

Deoptimization events (0 events):
No events

Classes redefined (0 events):
No events

Internal exceptions (0 events):
No events

Events (0 events):
No events


Dynamic libraries:
0x00007ff7ebd60000 - 0x00007ff7ebd6f000 	C:\Program Files\Java\jdk-11.0.16.1\bin\java.exe
0x00007ff88a970000 - 0x00007ff88ab68000 	C:\WINDOWS\SYSTEM32\ntdll.dll
0x00007ff88a740000 - 0x00007ff88a7ff000 	C:\WINDOWS\System32\KERNEL32.DLL
0x00007ff8886a0000 - 0x00007ff888972000 	C:\WINDOWS\System32\KERNELBASE.dll
0x00007ff888500000 - 0x00007ff888600000 	C:\WINDOWS\System32\ucrtbase.dll
0x00007ff875e00000 - 0x00007ff875e15000 	C:\Program Files\Java\jdk-11.0.16.1\bin\VCRUNTIME140.dll
0x00007ff87eed0000 - 0x00007ff87eee8000 	C:\Program Files\Java\jdk-11.0.16.1\bin\jli.dll
0x00007ff889100000 - 0x00007ff8891ae000 	C:\WINDOWS\System32\ADVAPI32.dll
0x00007ff889290000 - 0x00007ff88932e000 	C:\WINDOWS\System32\msvcrt.dll
0x00007ff889490000 - 0x00007ff88952c000 	C:\WINDOWS\System32\sechost.dll
0x00007ff889b70000 - 0x00007ff889c95000 	C:\WINDOWS\System32\RPCRT4.dll
0x00007ff889660000 - 0x00007ff889801000 	C:\WINDOWS\System32\USER32.dll
0x00007ff873ae0000 - 0x00007ff873d7a000 	C:\WINDOWS\WinSxS\amd64_microsoft.windows.common-controls_6595b64144ccf1df_6.0.19041.1110_none_60b5254171f9507e\COMCTL32.dll
0x00007ff888060000 - 0x00007ff888082000 	C:\WINDOWS\System32\win32u.dll
0x00007ff88a1d0000 - 0x00007ff88a1fb000 	C:\WINDOWS\System32\GDI32.dll
0x00007ff8881f0000 - 0x00007ff8882ff000 	C:\WINDOWS\System32\gdi32full.dll
0x00007ff888600000 - 0x00007ff88869d000 	C:\WINDOWS\System32\msvcp_win.dll
0x00007ff882e30000 - 0x00007ff882e3a000 	C:\WINDOWS\SYSTEM32\VERSION.dll
0x00007ff889620000 - 0x00007ff889652000 	C:\WINDOWS\System32\IMM32.DLL
0x00007ff869610000 - 0x00007ff8696ab000 	C:\Program Files\Java\jdk-11.0.16.1\bin\msvcp140.dll
0x00007ff832a30000 - 0x00007ff833548000 	C:\Program Files\Java\jdk-11.0.16.1\bin\server\jvm.dll
0x00007ff889610000 - 0x00007ff889618000 	C:\WINDOWS\System32\PSAPI.DLL
0x00007ff875330000 - 0x00007ff875357000 	C:\WINDOWS\SYSTEM32\WINMM.dll
0x00007ff875690000 - 0x00007ff875699000 	C:\WINDOWS\SYSTEM32\WSOCK32.dll
0x00007ff88a6d0000 - 0x00007ff88a73b000 	C:\WINDOWS\System32\WS2_32.dll
0x00007ff885e40000 - 0x00007ff885e52000 	C:\WINDOWS\SYSTEM32\kernel.appcore.dll
0x00007ff885790000 - 0x00007ff8857a0000 	C:\Program Files\Java\jdk-11.0.16.1\bin\verify.dll
0x00007ff876200000 - 0x00007ff8763e4000 	C:\WINDOWS\SYSTEM32\DBGHELP.DLL
0x00007ff875740000 - 0x00007ff875775000 	C:\WINDOWS\SYSTEM32\dbgcore.DLL
0x00007ff888400000 - 0x00007ff888482000 	C:\WINDOWS\System32\bcryptPrimitives.dll
0x00007ff86fda0000 - 0x00007ff86fdc8000 	C:\Program Files\Java\jdk-11.0.16.1\bin\java.dll
0x00007ff884a90000 - 0x00007ff884a9a000 	C:\Program Files\Java\jdk-11.0.16.1\bin\jimage.dll
0x00007ff8755d0000 - 0x00007ff8755e6000 	C:\Program Files\Java\jdk-11.0.16.1\bin\zip.dll

dbghelp: loaded successfully - version: 4.0.5 - missing functions: none
symbol engine: initialized successfully - sym options: 0x614 - pdb path: .;C:\Program Files\Java\jdk-11.0.16.1\bin;C:\WINDOWS\SYSTEM32;C:\WINDOWS\WinSxS\amd64_microsoft.windows.common-controls_6595b64144ccf1df_6.0.19041.1110_none_60b5254171f9507e;C:\Program Files\Java\jdk-11.0.16.1\bin\server

VM Arguments:
java_command: com.portfolio.argprograma.ArgprogramaApplication
java_class_path (initial): C:\Users\Darian A. Hiebl\Downloads\Darian-Back-main\Darian-Back-main\target\classes;C:\Users\Darian A. Hiebl\.m2\repository\org\springframework\boot\spring-boot-starter-data-jpa\2.7.5\spring-boot-starter-data-jpa-2.7.5.jar;C:\Users\Darian A. Hiebl\.m2\repository\org\springframework\boot\spring-boot-starter-aop\2.7.5\spring-boot-starter-aop-2.7.5.jar;C:\Users\Darian A. Hiebl\.m2\repository\org\aspectj\aspectjweaver\1.9.7\aspectjweaver-1.9.7.jar;C:\Users\Darian A. Hiebl\.m2\repository\org\springframework\boot\spring-boot-starter-jdbc\2.7.5\spring-boot-starter-jdbc-2.7.5.jar;C:\Users\Darian A. Hiebl\.m2\repository\com\zaxxer\HikariCP\4.0.3\HikariCP-4.0.3.jar;C:\Users\Darian A. Hiebl\.m2\repository\org\springframework\spring-jdbc\5.3.23\spring-jdbc-5.3.23.jar;C:\Users\Darian A. Hiebl\.m2\repository\jakarta\transaction\jakarta.transaction-api\1.3.3\jakarta.transaction-api-1.3.3.jar;C:\Users\Darian A. Hiebl\.m2\repository\org\springframework\data\spring-data-jpa\2.7.5\spring-data-jpa-2.7.5.jar;C:\Users\Darian A. Hiebl\.m2\repository\org\springframework\data\spring-data-commons\2.7.5\spring-data-commons-2.7.5.jar;C:\Users\Darian A. Hiebl\.m2\repository\org\springframework\spring-orm\5.3.23\spring-orm-5.3.23.jar;C:\Users\Darian A. Hiebl\.m2\repository\org\springframework\spring-tx\5.3.23\spring-tx-5.3.23.jar;C:\Users\Darian A. Hiebl\.m2\repository\org\springframework\spring-aspects\5.3.23\spring-aspects-5.3.23.jar;C:\Users\Darian A. Hiebl\.m2\repository\org\modelmapper\modelmapper\3.0.0\modelmapper-3.0.0.jar;C:\Users\Darian A. Hiebl\.m2\repository\org\springframework\boot\spring-boot-starter-web\2.7.5\spring-boot-starter-web-2.7.5.jar;C:\Users\Darian A. Hiebl\.m2\repository\org\springframework\boot\spring-boot-starter\2.7.5\spring-boot-starter-2.7.5.jar;C:\Users\Darian A. Hiebl\.m2\repository\org\springframework\boot\spring-boot-starter-logging\2.7.5\spring-boot-starter-logging-2.7.5.jar;C:\Users\Darian A. Hiebl\.m2\repository\org\apache\logging
Launcher Type: SUN_STANDARD

[Global flags]
     intx CICompilerCount                          = 3                                         {product} {ergonomic}
     uint ConcGCThreads                            = 1                                         {product} {ergonomic}
     uint G1ConcRefinementThreads                  = 4                                         {product} {ergonomic}
   size_t G1HeapRegionSize                         = 1048576                                   {product} {ergonomic}
    uintx GCDrainStackTargetSize                   = 64                                        {product} {ergonomic}
   size_t InitialHeapSize                          = 134217728                                 {product} {ergonomic}
   size_t MarkStackSize                            = 4194304                                   {product} {ergonomic}
   size_t MaxHeapSize                              = 2126512128                                {product} {ergonomic}
   size_t MinHeapDeltaBytes                        = 1048576                                   {product} {ergonomic}
    uintx NonNMethodCodeHeapSize                   = 5830732                                {pd product} {ergonomic}
    uintx NonProfiledCodeHeapSize                  = 122913754                              {pd product} {ergonomic}
    uintx ProfiledCodeHeapSize                     = 122913754                              {pd product} {ergonomic}
    uintx ReservedCodeCacheSize                    = 251658240                              {pd product} {ergonomic}
     bool SegmentedCodeCache                       = true                                      {product} {ergonomic}
     bool UseCompressedClassPointers               = true                                 {lp64_product} {ergonomic}
     bool UseCompressedOops                        = true                                 {lp64_product} {ergonomic}
     bool UseG1GC                                  = true                                      {product} {ergonomic}
     bool UseLargePagesIndividualAllocation        = false                                  {pd product} {ergonomic}

Logging:
Log output configuration:
 #0: stdout all=warning uptime,level,tags
 #1: stderr all=off uptime,level,tags

Environment Variables:
JAVA_HOME=C:\Program Files\Java\jdk-11.0.16.1
PATH=C:\Program Files\Common Files\Oracle\Java\javapath;C:\WINDOWS\system32;C:\WINDOWS;C:\WINDOWS\System32\Wbem;C:\WINDOWS\System32\WindowsPowerShell\v1.0\;C:\WINDOWS\System32\OpenSSH\;c:\Program Files (x86)\Microsoft SQL Server\100\Tools\Binn\;c:\Program Files\Microsoft SQL Server\100\Tools\Binn\;c:\Program Files\Microsoft SQL Server\100\DTS\Binn\;C:\Program Files\Git\cmd;C:\Program Files\Microsoft VS Code\bin;C:\Program Files\nodejs\;C:\Users\Darian A. Hiebl\AppData\Local\Microsoft\WindowsApps;C:\Program Files (x86)\Brackets\;C:\Users\Darian A. Hiebl\AppData\Roaming\npm;C:\Program Files\heroku\bin;C:\Users\Darian A. Hiebl\.fly\bin
USERNAME=Darian A. Hiebl
OS=Windows_NT
PROCESSOR_IDENTIFIER=Intel64 Family 6 Model 78 Stepping 3, GenuineIntel



---------------  S Y S T E M  ---------------

OS: Windows 10 , 64 bit Build 19041 (10.0.19041.2364)

CPU:total 4 (initial active 4) (2 cores per cpu, 2 threads per core) family 6 model 78 stepping 3 microcode 0xcc, cmov, cx8, fxsr, mmx, sse, sse2, sse3, ssse3, sse4.1, sse4.2, popcnt, avx, avx2, aes, clmul, erms, 3dnowpref, lzcnt, ht, tsc, tscinvbit, bmi1, bmi2, adx, fma

Memory: 4k page, system-wide physical 8109M (129M free)
TotalPageFile size 8109M (AvailPageFile size 132M)
current process WorkingSet (physical memory assigned to process): 9M, peak: 9M
current process commit charge ("private bytes"): 51M, peak: 179M

vm_info: Java HotSpot(TM) 64-Bit Server VM (11.0.16.1+1-LTS-1) for windows-amd64 JRE (11.0.16.1+1-LTS-1), built on Aug 16 2022 01:46:01 by "mach5one" with MS VC++ 15.9 (VS2017)

END.
