#
# There is insufficient memory for the Java Runtime Environment to continue.
# Native memory allocation (malloc) failed to allocate 32744 bytes for ChunkPool::allocate
# Possible reasons:
#   The system is out of physical RAM or swap space
#   The process is running with CompressedOops enabled, and the Java Heap may be blocking the growth of the native heap
# Possible solutions:
#   Reduce memory load on the system
#   Increase physical memory or swap space
#   Check if swap backing store is full
#   Decrease Java heap size (-Xmx/-Xms)
#   Decrease number of Java threads
#   Decrease Java thread stack sizes (-Xss)
#   Set larger code cache with -XX:ReservedCodeCacheSize=
#   JVM is running with Unscaled Compressed Oops mode in which the Java heap is
#     placed in the first 4GB address space. The Java Heap base address is the
#     maximum limit for the native heap growth. Please use -XX:HeapBaseMinAddress
#     to set the Java Heap base and to place the Java Heap above 4GB virtual address.
# This output file may be truncated or incomplete.
#
#  Out of Memory Error (./open/src/hotspot/share/memory/arena.cpp:81), pid=772, tid=4652
#
# JRE version: Java(TM) SE Runtime Environment 18.9 (11.0.16.1+1) (build 11.0.16.1+1-LTS-1)
# Java VM: Java HotSpot(TM) 64-Bit Server VM 18.9 (11.0.16.1+1-LTS-1, mixed mode, tiered, compressed oops, g1 gc, windows-amd64)
# No core dump will be written. Minidumps are not enabled by default on client versions of Windows
#

---------------  S U M M A R Y ------------

Command Line: com.portfolio.argprograma.ArgprogramaApplication

Host: Intel(R) Core(TM) i5-6200U CPU @ 2.30GHz, 4 cores, 7G,  Windows 10 , 64 bit Build 19041 (10.0.19041.2364)
Time: Tue Jan 10 15:31:00 2023 Hora estándar de Argentina elapsed time: 23.976806 seconds (0d 0h 0m 23s)

---------------  T H R E A D  ---------------

Current thread (0x000001c0a5f3d000):  JavaThread "C2 CompilerThread0" daemon [_thread_in_native, id=4652, stack(0x0000006b4b200000,0x0000006b4b300000)]


Current CompileTask:
C2:  23976 3888   !   4       org.springframework.core.annotation.AnnotationsScanner::processMethodHierarchy (276 bytes)

Stack: [0x0000006b4b200000,0x0000006b4b300000]
Native frames: (J=compiled Java code, j=interpreted, Vv=VM code, C=native code)
V  [jvm.dll+0x62a3da]
V  [jvm.dll+0x76407f]
V  [jvm.dll+0x765729]
V  [jvm.dll+0x765db3]
V  [jvm.dll+0x23dc18]
V  [jvm.dll+0xb2c7b]
V  [jvm.dll+0xb2fdc]
V  [jvm.dll+0xb2b2b]
V  [jvm.dll+0x60a6df]
V  [jvm.dll+0x659bd3]
V  [jvm.dll+0x18cedd]
V  [jvm.dll+0x1f8792]
V  [jvm.dll+0x1f786d]
V  [jvm.dll+0x177c81]
V  [jvm.dll+0x207186]
V  [jvm.dll+0x20531b]
V  [jvm.dll+0x729f60]
V  [jvm.dll+0x722b34]
V  [jvm.dll+0x629276]
C  [ucrtbase.dll+0x21bb2]
C  [KERNEL32.DLL+0x17614]
C  [ntdll.dll+0x526a1]


---------------  P R O C E S S  ---------------

Threads class SMR info:
_java_thread_list=0x000001c0a9879680, length=15, elements={
0x000001c088815800, 0x000001c0a5f0e800, 0x000001c0a5f19800, 0x000001c0a5f2a800,
0x000001c0a5f2c000, 0x000001c0a5f2e000, 0x000001c0a5f3d000, 0x000001c0a5f40000,
0x000001c0a5f43800, 0x000001c0a69f7800, 0x000001c0a70a9800, 0x000001c0a6f23800,
0x000001c0a9fe8000, 0x000001c0a9aca800, 0x000001c0a7bed800
}

Java Threads: ( => current thread )
  0x000001c088815800 JavaThread "main" [_thread_blocked, id=11212, stack(0x0000006b4a600000,0x0000006b4a700000)]
  0x000001c0a5f0e800 JavaThread "Reference Handler" daemon [_thread_blocked, id=8664, stack(0x0000006b4ad00000,0x0000006b4ae00000)]
  0x000001c0a5f19800 JavaThread "Finalizer" daemon [_thread_blocked, id=10032, stack(0x0000006b4ae00000,0x0000006b4af00000)]
  0x000001c0a5f2a800 JavaThread "Signal Dispatcher" daemon [_thread_blocked, id=4508, stack(0x0000006b4af00000,0x0000006b4b000000)]
  0x000001c0a5f2c000 JavaThread "Attach Listener" daemon [_thread_blocked, id=11624, stack(0x0000006b4b000000,0x0000006b4b100000)]
  0x000001c0a5f2e000 JavaThread "Service Thread" daemon [_thread_blocked, id=13248, stack(0x0000006b4b100000,0x0000006b4b200000)]
=>0x000001c0a5f3d000 JavaThread "C2 CompilerThread0" daemon [_thread_in_native, id=4652, stack(0x0000006b4b200000,0x0000006b4b300000)]
  0x000001c0a5f40000 JavaThread "C1 CompilerThread0" daemon [_thread_blocked, id=14708, stack(0x0000006b4b300000,0x0000006b4b400000)]
  0x000001c0a5f43800 JavaThread "Sweeper thread" daemon [_thread_blocked, id=14340, stack(0x0000006b4b400000,0x0000006b4b500000)]
  0x000001c0a69f7800 JavaThread "Common-Cleaner" daemon [_thread_blocked, id=6676, stack(0x0000006b4b600000,0x0000006b4b700000)]
  0x000001c0a70a9800 JavaThread "Thread-0" [_thread_blocked, id=12732, stack(0x0000006b4b900000,0x0000006b4ba00000)]
  0x000001c0a6f23800 JavaThread "restartedMain" [_thread_in_vm, id=15108, stack(0x0000006b4ba00000,0x0000006b4bb00000)]
  0x000001c0a9fe8000 JavaThread "mysql-cj-abandoned-connection-cleanup" daemon [_thread_blocked, id=1264, stack(0x0000006b4bc00000,0x0000006b4bd00000)]
  0x000001c0a9aca800 JavaThread "HikariPool-1 housekeeper" daemon [_thread_blocked, id=11436, stack(0x0000006b4be00000,0x0000006b4bf00000)]
  0x000001c0a7bed800 JavaThread "HikariPool-1 connection adder" daemon [_thread_blocked, id=5032, stack(0x0000006b4bf00000,0x0000006b4c000000)]

Other Threads:
  0x000001c0a5ee8800 VMThread "VM Thread" [stack: 0x0000006b4ac00000,0x0000006b4ad00000] [id=5756]
  0x000001c0a69fe800 WatcherThread [stack: 0x0000006b4b500000,0x0000006b4b600000] [id=12056]
  0x000001c08882b800 GCTaskThread "GC Thread#0" [stack: 0x0000006b4a700000,0x0000006b4a800000] [id=2368]
  0x000001c0a7020800 GCTaskThread "GC Thread#1" [stack: 0x0000006b4b700000,0x0000006b4b800000] [id=12684]
  0x000001c0a6e1d800 GCTaskThread "GC Thread#2" [stack: 0x0000006b4b800000,0x0000006b4b900000] [id=9716]
  0x000001c0a738e000 GCTaskThread "GC Thread#3" [stack: 0x0000006b4bb00000,0x0000006b4bc00000] [id=14704]
  0x000001c08885b000 ConcurrentGCThread "G1 Main Marker" [stack: 0x0000006b4a800000,0x0000006b4a900000] [id=252]
  0x000001c08885c800 ConcurrentGCThread "G1 Conc#0" [stack: 0x0000006b4a900000,0x0000006b4aa00000] [id=8636]
  0x000001c0a5d60800 ConcurrentGCThread "G1 Refine#0" [stack: 0x0000006b4aa00000,0x0000006b4ab00000] [id=2940]
  0x000001c0a5d61800 ConcurrentGCThread "G1 Young RemSet Sampling" [stack: 0x0000006b4ab00000,0x0000006b4ac00000] [id=7716]

Threads with active compile tasks:
C2 CompilerThread0    24252 3888   !   4       org.springframework.core.annotation.AnnotationsScanner::processMethodHierarchy (276 bytes)

VM state:not at safepoint (normal execution)

VM Mutex/Monitor currently owned by a thread: None

Heap address: 0x0000000081400000, size: 2028 MB, Compressed Oops mode: 32-bit
Narrow klass base: 0x0000000000000000, Narrow klass shift: 3
Compressed class space size: 1073741824 Address: 0x0000000100000000

Heap:
 garbage-first heap   total 131072K, used 65979K [0x0000000081400000, 0x0000000100000000)
  region size 1024K, 57 young (58368K), 7 survivors (7168K)
 Metaspace       used 40706K, capacity 41974K, committed 42240K, reserved 1085440K
  class space    used 4806K, capacity 5310K, committed 5376K, reserved 1048576K
Heap Regions: E=young(eden), S=young(survivor), O=old, HS=humongous(starts), HC=humongous(continues), CS=collection set, F=free, A=archive, TAMS=top-at-mark-start (previous, next)
|   0|0x0000000081400000, 0x0000000081500000, 0x0000000081500000|100%|HS|  |TAMS 0x0000000081500000, 0x0000000081400000| Complete 
|   1|0x0000000081500000, 0x0000000081600000, 0x0000000081600000|100%| O|  |TAMS 0x0000000081600000, 0x0000000081500000| Untracked 
|   2|0x0000000081600000, 0x0000000081700000, 0x0000000081700000|100%| O|  |TAMS 0x0000000081700000, 0x0000000081600000| Untracked 
|   3|0x0000000081700000, 0x0000000081800000, 0x0000000081800000|100%| O|  |TAMS 0x0000000081800000, 0x0000000081700000| Untracked 
|   4|0x0000000081800000, 0x0000000081900000, 0x0000000081900000|100%| O|  |TAMS 0x0000000081900000, 0x0000000081800000| Untracked 
|   5|0x0000000081900000, 0x0000000081a00000, 0x0000000081a00000|100%| O|  |TAMS 0x0000000081a00000, 0x0000000081900000| Untracked 
|   6|0x0000000081a00000, 0x0000000081b00000, 0x0000000081b00000|100%| O|  |TAMS 0x0000000081b00000, 0x0000000081a00000| Untracked 
|   7|0x0000000081b00000, 0x0000000081c00000, 0x0000000081c00000|100%| O|  |TAMS 0x0000000081c00000, 0x0000000081b00000| Untracked 
|   8|0x0000000081c00000, 0x0000000081cd5c00, 0x0000000081d00000| 83%| O|  |TAMS 0x0000000081cd5c00, 0x0000000081c00000| Untracked 
|   9|0x0000000081d00000, 0x0000000081d00000, 0x0000000081e00000|  0%| F|  |TAMS 0x0000000081d00000, 0x0000000081d00000| Untracked 
|  10|0x0000000081e00000, 0x0000000081e00000, 0x0000000081f00000|  0%| F|  |TAMS 0x0000000081e00000, 0x0000000081e00000| Untracked 
|  11|0x0000000081f00000, 0x0000000081f00000, 0x0000000082000000|  0%| F|  |TAMS 0x0000000081f00000, 0x0000000081f00000| Untracked 
|  12|0x0000000082000000, 0x0000000082000000, 0x0000000082100000|  0%| F|  |TAMS 0x0000000082000000, 0x0000000082000000| Untracked 
|  13|0x0000000082100000, 0x0000000082100000, 0x0000000082200000|  0%| F|  |TAMS 0x0000000082100000, 0x0000000082100000| Untracked 
|  14|0x0000000082200000, 0x0000000082200000, 0x0000000082300000|  0%| F|  |TAMS 0x0000000082200000, 0x0000000082200000| Untracked 
|  15|0x0000000082300000, 0x0000000082300000, 0x0000000082400000|  0%| F|  |TAMS 0x0000000082300000, 0x0000000082300000| Untracked 
|  16|0x0000000082400000, 0x0000000082400000, 0x0000000082500000|  0%| F|  |TAMS 0x0000000082400000, 0x0000000082400000| Untracked 
|  17|0x0000000082500000, 0x0000000082500000, 0x0000000082600000|  0%| F|  |TAMS 0x0000000082500000, 0x0000000082500000| Untracked 
|  18|0x0000000082600000, 0x0000000082600000, 0x0000000082700000|  0%| F|  |TAMS 0x0000000082600000, 0x0000000082600000| Untracked 
|  19|0x0000000082700000, 0x0000000082700000, 0x0000000082800000|  0%| F|  |TAMS 0x0000000082700000, 0x0000000082700000| Untracked 
|  20|0x0000000082800000, 0x0000000082800000, 0x0000000082900000|  0%| F|  |TAMS 0x0000000082800000, 0x0000000082800000| Untracked 
|  21|0x0000000082900000, 0x0000000082900000, 0x0000000082a00000|  0%| F|  |TAMS 0x0000000082900000, 0x0000000082900000| Untracked 
|  22|0x0000000082a00000, 0x0000000082a00000, 0x0000000082b00000|  0%| F|  |TAMS 0x0000000082a00000, 0x0000000082a00000| Untracked 
|  23|0x0000000082b00000, 0x0000000082b00000, 0x0000000082c00000|  0%| F|  |TAMS 0x0000000082b00000, 0x0000000082b00000| Untracked 
|  24|0x0000000082c00000, 0x0000000082c00000, 0x0000000082d00000|  0%| F|  |TAMS 0x0000000082c00000, 0x0000000082c00000| Untracked 
|  25|0x0000000082d00000, 0x0000000082d00000, 0x0000000082e00000|  0%| F|  |TAMS 0x0000000082d00000, 0x0000000082d00000| Untracked 
|  26|0x0000000082e00000, 0x0000000082e00000, 0x0000000082f00000|  0%| F|  |TAMS 0x0000000082e00000, 0x0000000082e00000| Untracked 
|  27|0x0000000082f00000, 0x0000000082f00000, 0x0000000083000000|  0%| F|  |TAMS 0x0000000082f00000, 0x0000000082f00000| Untracked 
|  28|0x0000000083000000, 0x0000000083000000, 0x0000000083100000|  0%| F|  |TAMS 0x0000000083000000, 0x0000000083000000| Untracked 
|  29|0x0000000083100000, 0x0000000083100000, 0x0000000083200000|  0%| F|  |TAMS 0x0000000083100000, 0x0000000083100000| Untracked 
|  30|0x0000000083200000, 0x0000000083200000, 0x0000000083300000|  0%| F|  |TAMS 0x0000000083200000, 0x0000000083200000| Untracked 
|  31|0x0000000083300000, 0x0000000083300000, 0x0000000083400000|  0%| F|  |TAMS 0x0000000083300000, 0x0000000083300000| Untracked 
|  32|0x0000000083400000, 0x0000000083400000, 0x0000000083500000|  0%| F|  |TAMS 0x0000000083400000, 0x0000000083400000| Untracked 
|  33|0x0000000083500000, 0x0000000083500000, 0x0000000083600000|  0%| F|  |TAMS 0x0000000083500000, 0x0000000083500000| Untracked 
|  34|0x0000000083600000, 0x0000000083600000, 0x0000000083700000|  0%| F|  |TAMS 0x0000000083600000, 0x0000000083600000| Untracked 
|  35|0x0000000083700000, 0x0000000083700000, 0x0000000083800000|  0%| F|  |TAMS 0x0000000083700000, 0x0000000083700000| Untracked 
|  36|0x0000000083800000, 0x0000000083800000, 0x0000000083900000|  0%| F|  |TAMS 0x0000000083800000, 0x0000000083800000| Untracked 
|  37|0x0000000083900000, 0x0000000083900000, 0x0000000083a00000|  0%| F|  |TAMS 0x0000000083900000, 0x0000000083900000| Untracked 
|  38|0x0000000083a00000, 0x0000000083a00000, 0x0000000083b00000|  0%| F|  |TAMS 0x0000000083a00000, 0x0000000083a00000| Untracked 
|  39|0x0000000083b00000, 0x0000000083b00000, 0x0000000083c00000|  0%| F|  |TAMS 0x0000000083b00000, 0x0000000083b00000| Untracked 
|  40|0x0000000083c00000, 0x0000000083c00000, 0x0000000083d00000|  0%| F|  |TAMS 0x0000000083c00000, 0x0000000083c00000| Untracked 
|  41|0x0000000083d00000, 0x0000000083d00000, 0x0000000083e00000|  0%| F|  |TAMS 0x0000000083d00000, 0x0000000083d00000| Untracked 
|  42|0x0000000083e00000, 0x0000000083e00000, 0x0000000083f00000|  0%| F|  |TAMS 0x0000000083e00000, 0x0000000083e00000| Untracked 
|  43|0x0000000083f00000, 0x0000000083f00000, 0x0000000084000000|  0%| F|  |TAMS 0x0000000083f00000, 0x0000000083f00000| Untracked 
|  44|0x0000000084000000, 0x0000000084000000, 0x0000000084100000|  0%| F|  |TAMS 0x0000000084000000, 0x0000000084000000| Untracked 
|  45|0x0000000084100000, 0x0000000084100000, 0x0000000084200000|  0%| F|  |TAMS 0x0000000084100000, 0x0000000084100000| Untracked 
|  46|0x0000000084200000, 0x0000000084200000, 0x0000000084300000|  0%| F|  |TAMS 0x0000000084200000, 0x0000000084200000| Untracked 
|  47|0x0000000084300000, 0x0000000084300000, 0x0000000084400000|  0%| F|  |TAMS 0x0000000084300000, 0x0000000084300000| Untracked 
|  48|0x0000000084400000, 0x0000000084400000, 0x0000000084500000|  0%| F|  |TAMS 0x0000000084400000, 0x0000000084400000| Untracked 
|  49|0x0000000084500000, 0x0000000084500000, 0x0000000084600000|  0%| F|  |TAMS 0x0000000084500000, 0x0000000084500000| Untracked 
|  50|0x0000000084600000, 0x0000000084600000, 0x0000000084700000|  0%| F|  |TAMS 0x0000000084600000, 0x0000000084600000| Untracked 
|  51|0x0000000084700000, 0x0000000084700000, 0x0000000084800000|  0%| F|  |TAMS 0x0000000084700000, 0x0000000084700000| Untracked 
|  52|0x0000000084800000, 0x0000000084800000, 0x0000000084900000|  0%| F|  |TAMS 0x0000000084800000, 0x0000000084800000| Untracked 
|  53|0x0000000084900000, 0x0000000084900000, 0x0000000084a00000|  0%| F|  |TAMS 0x0000000084900000, 0x0000000084900000| Untracked 
|  54|0x0000000084a00000, 0x0000000084a00000, 0x0000000084b00000|  0%| F|  |TAMS 0x0000000084a00000, 0x0000000084a00000| Untracked 
|  55|0x0000000084b00000, 0x0000000084b00000, 0x0000000084c00000|  0%| F|  |TAMS 0x0000000084b00000, 0x0000000084b00000| Untracked 
|  56|0x0000000084c00000, 0x0000000084c00000, 0x0000000084d00000|  0%| F|  |TAMS 0x0000000084c00000, 0x0000000084c00000| Untracked 
|  57|0x0000000084d00000, 0x0000000084d00000, 0x0000000084e00000|  0%| F|  |TAMS 0x0000000084d00000, 0x0000000084d00000| Untracked 
|  58|0x0000000084e00000, 0x0000000084e00000, 0x0000000084f00000|  0%| F|  |TAMS 0x0000000084e00000, 0x0000000084e00000| Untracked 
|  59|0x0000000084f00000, 0x0000000084f00000, 0x0000000085000000|  0%| F|  |TAMS 0x0000000084f00000, 0x0000000084f00000| Untracked 
|  60|0x0000000085000000, 0x0000000085000000, 0x0000000085100000|  0%| F|  |TAMS 0x0000000085000000, 0x0000000085000000| Untracked 
|  61|0x0000000085100000, 0x0000000085100000, 0x0000000085200000|  0%| F|  |TAMS 0x0000000085100000, 0x0000000085100000| Untracked 
|  62|0x0000000085200000, 0x0000000085200000, 0x0000000085300000|  0%| F|  |TAMS 0x0000000085200000, 0x0000000085200000| Untracked 
|  63|0x0000000085300000, 0x0000000085300000, 0x0000000085400000|  0%| F|  |TAMS 0x0000000085300000, 0x0000000085300000| Untracked 
|  64|0x0000000085400000, 0x0000000085400000, 0x0000000085500000|  0%| F|  |TAMS 0x0000000085400000, 0x0000000085400000| Untracked 
|  65|0x0000000085500000, 0x0000000085500000, 0x0000000085600000|  0%| F|  |TAMS 0x0000000085500000, 0x0000000085500000| Untracked 
|  66|0x0000000085600000, 0x0000000085600000, 0x0000000085700000|  0%| F|  |TAMS 0x0000000085600000, 0x0000000085600000| Untracked 
|  67|0x0000000085700000, 0x0000000085700000, 0x0000000085800000|  0%| F|  |TAMS 0x0000000085700000, 0x0000000085700000| Untracked 
|  68|0x0000000085800000, 0x0000000085800000, 0x0000000085900000|  0%| F|  |TAMS 0x0000000085800000, 0x0000000085800000| Untracked 
|  69|0x0000000085900000, 0x0000000085900000, 0x0000000085a00000|  0%| F|  |TAMS 0x0000000085900000, 0x0000000085900000| Untracked 
|  70|0x0000000085a00000, 0x0000000085a00000, 0x0000000085b00000|  0%| F|  |TAMS 0x0000000085a00000, 0x0000000085a00000| Untracked 
|  71|0x0000000085b00000, 0x0000000085c00000, 0x0000000085c00000|100%| E|  |TAMS 0x0000000085b00000, 0x0000000085b00000| Complete 
|  72|0x0000000085c00000, 0x0000000085d00000, 0x0000000085d00000|100%| E|CS|TAMS 0x0000000085c00000, 0x0000000085c00000| Complete 
|  73|0x0000000085d00000, 0x0000000085e00000, 0x0000000085e00000|100%| E|CS|TAMS 0x0000000085d00000, 0x0000000085d00000| Complete 
|  74|0x0000000085e00000, 0x0000000085f00000, 0x0000000085f00000|100%| E|CS|TAMS 0x0000000085e00000, 0x0000000085e00000| Complete 
|  75|0x0000000085f00000, 0x0000000086000000, 0x0000000086000000|100%| E|CS|TAMS 0x0000000085f00000, 0x0000000085f00000| Complete 
|  76|0x0000000086000000, 0x0000000086100000, 0x0000000086100000|100%| E|CS|TAMS 0x0000000086000000, 0x0000000086000000| Complete 
|  77|0x0000000086100000, 0x0000000086200000, 0x0000000086200000|100%| E|CS|TAMS 0x0000000086100000, 0x0000000086100000| Complete 
|  78|0x0000000086200000, 0x0000000086300000, 0x0000000086300000|100%| E|CS|TAMS 0x0000000086200000, 0x0000000086200000| Complete 
|  79|0x0000000086300000, 0x0000000086400000, 0x0000000086400000|100%| E|CS|TAMS 0x0000000086300000, 0x0000000086300000| Complete 
|  80|0x0000000086400000, 0x0000000086500000, 0x0000000086500000|100%| E|CS|TAMS 0x0000000086400000, 0x0000000086400000| Complete 
|  81|0x0000000086500000, 0x0000000086600000, 0x0000000086600000|100%| E|CS|TAMS 0x0000000086500000, 0x0000000086500000| Complete 
|  82|0x0000000086600000, 0x0000000086700000, 0x0000000086700000|100%| E|CS|TAMS 0x0000000086600000, 0x0000000086600000| Complete 
|  83|0x0000000086700000, 0x0000000086800000, 0x0000000086800000|100%| E|CS|TAMS 0x0000000086700000, 0x0000000086700000| Complete 
|  84|0x0000000086800000, 0x0000000086900000, 0x0000000086900000|100%| E|CS|TAMS 0x0000000086800000, 0x0000000086800000| Complete 
|  85|0x0000000086900000, 0x0000000086a00000, 0x0000000086a00000|100%| E|CS|TAMS 0x0000000086900000, 0x0000000086900000| Complete 
|  86|0x0000000086a00000, 0x0000000086b00000, 0x0000000086b00000|100%| E|CS|TAMS 0x0000000086a00000, 0x0000000086a00000| Complete 
|  87|0x0000000086b00000, 0x0000000086c00000, 0x0000000086c00000|100%| E|CS|TAMS 0x0000000086b00000, 0x0000000086b00000| Complete 
|  88|0x0000000086c00000, 0x0000000086d00000, 0x0000000086d00000|100%| E|CS|TAMS 0x0000000086c00000, 0x0000000086c00000| Complete 
|  89|0x0000000086d00000, 0x0000000086e00000, 0x0000000086e00000|100%| E|CS|TAMS 0x0000000086d00000, 0x0000000086d00000| Complete 
|  90|0x0000000086e00000, 0x0000000086f00000, 0x0000000086f00000|100%| E|CS|TAMS 0x0000000086e00000, 0x0000000086e00000| Complete 
|  91|0x0000000086f00000, 0x0000000087000000, 0x0000000087000000|100%| E|CS|TAMS 0x0000000086f00000, 0x0000000086f00000| Complete 
|  92|0x0000000087000000, 0x0000000087100000, 0x0000000087100000|100%| E|CS|TAMS 0x0000000087000000, 0x0000000087000000| Complete 
|  93|0x0000000087100000, 0x0000000087200000, 0x0000000087200000|100%| E|CS|TAMS 0x0000000087100000, 0x0000000087100000| Complete 
|  94|0x0000000087200000, 0x0000000087300000, 0x0000000087300000|100%| E|CS|TAMS 0x0000000087200000, 0x0000000087200000| Complete 
|  95|0x0000000087300000, 0x0000000087400000, 0x0000000087400000|100%| E|CS|TAMS 0x0000000087300000, 0x0000000087300000| Complete 
|  96|0x0000000087400000, 0x0000000087500000, 0x0000000087500000|100%| E|CS|TAMS 0x0000000087400000, 0x0000000087400000| Complete 
|  97|0x0000000087500000, 0x0000000087600000, 0x0000000087600000|100%| E|CS|TAMS 0x0000000087500000, 0x0000000087500000| Complete 
|  98|0x0000000087600000, 0x0000000087700000, 0x0000000087700000|100%| E|CS|TAMS 0x0000000087600000, 0x0000000087600000| Complete 
|  99|0x0000000087700000, 0x0000000087800000, 0x0000000087800000|100%| E|CS|TAMS 0x0000000087700000, 0x0000000087700000| Complete 
| 100|0x0000000087800000, 0x0000000087900000, 0x0000000087900000|100%| E|CS|TAMS 0x0000000087800000, 0x0000000087800000| Complete 
| 101|0x0000000087900000, 0x00000000879992e0, 0x0000000087a00000| 59%| S|CS|TAMS 0x0000000087900000, 0x0000000087900000| Complete 
| 102|0x0000000087a00000, 0x0000000087b00000, 0x0000000087b00000|100%| S|CS|TAMS 0x0000000087a00000, 0x0000000087a00000| Complete 
| 103|0x0000000087b00000, 0x0000000087c00000, 0x0000000087c00000|100%| S|CS|TAMS 0x0000000087b00000, 0x0000000087b00000| Complete 
| 104|0x0000000087c00000, 0x0000000087d00000, 0x0000000087d00000|100%| S|CS|TAMS 0x0000000087c00000, 0x0000000087c00000| Complete 
| 105|0x0000000087d00000, 0x0000000087e00000, 0x0000000087e00000|100%| S|CS|TAMS 0x0000000087d00000, 0x0000000087d00000| Complete 
| 106|0x0000000087e00000, 0x0000000087f00000, 0x0000000087f00000|100%| S|CS|TAMS 0x0000000087e00000, 0x0000000087e00000| Complete 
| 107|0x0000000087f00000, 0x0000000088000000, 0x0000000088000000|100%| S|CS|TAMS 0x0000000087f00000, 0x0000000087f00000| Complete 
| 108|0x0000000088000000, 0x0000000088100000, 0x0000000088100000|100%| E|CS|TAMS 0x0000000088000000, 0x0000000088000000| Complete 
| 109|0x0000000088100000, 0x0000000088200000, 0x0000000088200000|100%| E|CS|TAMS 0x0000000088100000, 0x0000000088100000| Complete 
| 110|0x0000000088200000, 0x0000000088300000, 0x0000000088300000|100%| E|CS|TAMS 0x0000000088200000, 0x0000000088200000| Complete 
| 111|0x0000000088300000, 0x0000000088400000, 0x0000000088400000|100%| E|CS|TAMS 0x0000000088300000, 0x0000000088300000| Complete 
| 112|0x0000000088400000, 0x0000000088500000, 0x0000000088500000|100%| E|CS|TAMS 0x0000000088400000, 0x0000000088400000| Complete 
| 113|0x0000000088500000, 0x0000000088600000, 0x0000000088600000|100%| E|CS|TAMS 0x0000000088500000, 0x0000000088500000| Complete 
| 114|0x0000000088600000, 0x0000000088700000, 0x0000000088700000|100%| E|CS|TAMS 0x0000000088600000, 0x0000000088600000| Complete 
| 115|0x0000000088700000, 0x0000000088800000, 0x0000000088800000|100%| E|CS|TAMS 0x0000000088700000, 0x0000000088700000| Complete 
| 116|0x0000000088800000, 0x0000000088900000, 0x0000000088900000|100%| E|CS|TAMS 0x0000000088800000, 0x0000000088800000| Complete 
| 117|0x0000000088900000, 0x0000000088a00000, 0x0000000088a00000|100%| E|CS|TAMS 0x0000000088900000, 0x0000000088900000| Complete 
| 118|0x0000000088a00000, 0x0000000088b00000, 0x0000000088b00000|100%| E|CS|TAMS 0x0000000088a00000, 0x0000000088a00000| Complete 
| 119|0x0000000088b00000, 0x0000000088c00000, 0x0000000088c00000|100%| E|CS|TAMS 0x0000000088b00000, 0x0000000088b00000| Complete 
| 120|0x0000000088c00000, 0x0000000088d00000, 0x0000000088d00000|100%| E|CS|TAMS 0x0000000088c00000, 0x0000000088c00000| Complete 
| 121|0x0000000088d00000, 0x0000000088e00000, 0x0000000088e00000|100%| E|CS|TAMS 0x0000000088d00000, 0x0000000088d00000| Complete 
| 122|0x0000000088e00000, 0x0000000088f00000, 0x0000000088f00000|100%| E|CS|TAMS 0x0000000088e00000, 0x0000000088e00000| Complete 
| 123|0x0000000088f00000, 0x0000000089000000, 0x0000000089000000|100%| E|CS|TAMS 0x0000000088f00000, 0x0000000088f00000| Complete 
| 124|0x0000000089000000, 0x0000000089100000, 0x0000000089100000|100%| E|CS|TAMS 0x0000000089000000, 0x0000000089000000| Complete 
| 125|0x0000000089100000, 0x0000000089200000, 0x0000000089200000|100%| E|CS|TAMS 0x0000000089100000, 0x0000000089100000| Complete 
| 126|0x0000000089200000, 0x0000000089300000, 0x0000000089300000|100%| E|CS|TAMS 0x0000000089200000, 0x0000000089200000| Complete 
| 127|0x0000000089300000, 0x0000000089400000, 0x0000000089400000|100%| E|CS|TAMS 0x0000000089300000, 0x0000000089300000| Complete 

Card table byte_map: [0x000001c09f2c0000,0x000001c09f6c0000] _byte_map_base: 0x000001c09eeb6000

Marking Bits (Prev, Next): (CMBitMap*) 0x000001c088852388, (CMBitMap*) 0x000001c0888523c0
 Prev Bits: [0x000001c09fac0000, 0x000001c0a1a70000)
 Next Bits: [0x000001c0a1a70000, 0x000001c0a3a20000)

Polling page: 0x000001c087ff0000

Metaspace:

Usage:
  Non-class:     35.80 MB capacity,    35.06 MB ( 98%) used,   621.95 KB (  2%) free+waste,   141.63 KB ( <1%) overhead. 
      Class:      5.19 MB capacity,     4.69 MB ( 91%) used,   433.20 KB (  8%) free+waste,    70.56 KB (  1%) overhead. 
       Both:     40.99 MB capacity,    39.75 MB ( 97%) used,     1.03 MB (  3%) free+waste,   212.19 KB ( <1%) overhead. 

Virtual space:
  Non-class space:       36.00 MB reserved,      36.00 MB (100%) committed 
      Class space:        1.00 GB reserved,       5.25 MB ( <1%) committed 
             Both:        1.04 GB reserved,      41.25 MB (  4%) committed 

Chunk freelists:
   Non-Class:  1.00 KB
       Class:  256 bytes
        Both:  1.25 KB

CodeHeap 'non-profiled nmethods': size=120064Kb used=1909Kb max_used=1909Kb free=118154Kb
 bounds [0x000001c097980000, 0x000001c097bf0000, 0x000001c09eec0000]
CodeHeap 'profiled nmethods': size=120000Kb used=9418Kb max_used=9418Kb free=110581Kb
 bounds [0x000001c090450000, 0x000001c090d90000, 0x000001c097980000]
CodeHeap 'non-nmethods': size=5696Kb used=1164Kb max_used=1198Kb free=4531Kb
 bounds [0x000001c08fec0000, 0x000001c090130000, 0x000001c090450000]
 total_blobs=4639 nmethods=4130 adapters=420
 compilation: enabled
              stopped_count=0, restarted_count=0
 full_count=0

Compilation events (10 events):
Event: 23.915 Thread 0x000001c0a5f40000 4178   !   2       sun.net.www.ParseUtil::decode (317 bytes)
Event: 23.921 Thread 0x000001c0a5f40000 nmethod 4178 0x000001c090d76a90 code [0x000001c090d76e60, 0x000001c090d78378]
Event: 23.921 Thread 0x000001c0a5f40000 4179       3       sun.nio.cs.UTF_8$Decoder::decodeArrayLoop (691 bytes)
Event: 23.929 Thread 0x000001c0a5f40000 nmethod 4179 0x000001c090d79290 code [0x000001c090d79c40, 0x000001c090d80128]
Event: 23.929 Thread 0x000001c0a5f40000 4180       2       java.lang.StringBuilder::append (8 bytes)
Event: 23.929 Thread 0x000001c0a5f40000 nmethod 4180 0x000001c090d81e90 code [0x000001c090d82020, 0x000001c090d82148]
Event: 23.929 Thread 0x000001c0a5f40000 4181       2       java.lang.AbstractStringBuilder::append (54 bytes)
Event: 23.929 Thread 0x000001c0a5f40000 nmethod 4181 0x000001c090d82210 code [0x000001c090d82400, 0x000001c090d826e8]
Event: 23.929 Thread 0x000001c0a5f40000 4182       2       java.lang.StringBuilder::append (6 bytes)
Event: 23.929 Thread 0x000001c0a5f40000 nmethod 4182 0x000001c090d82810 code [0x000001c090d829a0, 0x000001c090d82ac8]

GC Heap History (10 events):
Event: 10.083 GC heap before
{Heap before GC invocations=2 (full 0):
 garbage-first heap   total 131072K, used 30605K [0x0000000081400000, 0x0000000100000000)
  region size 1024K, 24 young (24576K), 1 survivors (1024K)
 Metaspace       used 15525K, capacity 15943K, committed 16128K, reserved 1062912K
  class space    used 1619K, capacity 1760K, committed 1792K, reserved 1048576K
}
Event: 10.121 GC heap after
{Heap after GC invocations=3 (full 0):
 garbage-first heap   total 131072K, used 8182K [0x0000000081400000, 0x0000000100000000)
  region size 1024K, 2 young (2048K), 2 survivors (2048K)
 Metaspace       used 15525K, capacity 15943K, committed 16128K, reserved 1062912K
  class space    used 1619K, capacity 1760K, committed 1792K, reserved 1048576K
}
Event: 12.837 GC heap before
{Heap before GC invocations=3 (full 0):
 garbage-first heap   total 131072K, used 38902K [0x0000000081400000, 0x0000000100000000)
  region size 1024K, 33 young (33792K), 2 survivors (2048K)
 Metaspace       used 20685K, capacity 21153K, committed 21296K, reserved 1069056K
  class space    used 2269K, capacity 2464K, committed 2560K, reserved 1048576K
}
Event: 12.844 GC heap after
{Heap after GC invocations=4 (full 0):
 garbage-first heap   total 131072K, used 9312K [0x0000000081400000, 0x0000000100000000)
  region size 1024K, 3 young (3072K), 3 survivors (3072K)
 Metaspace       used 20685K, capacity 21153K, committed 21296K, reserved 1069056K
  class space    used 2269K, capacity 2464K, committed 2560K, reserved 1048576K
}
Event: 14.914 GC heap before
{Heap before GC invocations=5 (full 0):
 garbage-first heap   total 131072K, used 59488K [0x0000000081400000, 0x0000000100000000)
  region size 1024K, 52 young (53248K), 3 survivors (3072K)
 Metaspace       used 25786K, capacity 26457K, committed 26496K, reserved 1073152K
  class space    used 2905K, capacity 3190K, committed 3200K, reserved 1048576K
}
Event: 14.923 GC heap after
{Heap after GC invocations=6 (full 0):
 garbage-first heap   total 131072K, used 11577K [0x0000000081400000, 0x0000000100000000)
  region size 1024K, 5 young (5120K), 5 survivors (5120K)
 Metaspace       used 25786K, capacity 26457K, committed 26496K, reserved 1073152K
  class space    used 2905K, capacity 3190K, committed 3200K, reserved 1048576K
}
Event: 18.263 GC heap before
{Heap before GC invocations=6 (full 0):
 garbage-first heap   total 131072K, used 75065K [0x0000000081400000, 0x0000000100000000)
  region size 1024K, 67 young (68608K), 5 survivors (5120K)
 Metaspace       used 31898K, capacity 32758K, committed 32896K, reserved 1077248K
  class space    used 3750K, capacity 4103K, committed 4224K, reserved 1048576K
}
Event: 18.277 GC heap after
{Heap after GC invocations=7 (full 0):
 garbage-first heap   total 131072K, used 14304K [0x0000000081400000, 0x0000000100000000)
  region size 1024K, 8 young (8192K), 8 survivors (8192K)
 Metaspace       used 31898K, capacity 32758K, committed 32896K, reserved 1077248K
  class space    used 3750K, capacity 4103K, committed 4224K, reserved 1048576K
}
Event: 21.923 GC heap before
{Heap before GC invocations=7 (full 0):
 garbage-first heap   total 131072K, used 33760K [0x0000000081400000, 0x0000000100000000)
  region size 1024K, 28 young (28672K), 8 survivors (8192K)
 Metaspace       used 34704K, capacity 35753K, committed 35840K, reserved 1081344K
  class space    used 4119K, capacity 4551K, committed 4608K, reserved 1048576K
}
Event: 21.935 GC heap after
{Heap after GC invocations=8 (full 0):
 garbage-first heap   total 131072K, used 15803K [0x0000000081400000, 0x0000000100000000)
  region size 1024K, 7 young (7168K), 7 survivors (7168K)
 Metaspace       used 34704K, capacity 35753K, committed 35840K, reserved 1081344K
  class space    used 4119K, capacity 4551K, committed 4608K, reserved 1048576K
}

Deoptimization events (10 events):
Event: 23.377 Thread 0x000001c0a6f23800 Uncommon trap: reason=profile_predicate action=maybe_recompile pc=0x000001c097b557f8 method=java.lang.PublicMethods$MethodList.filter([Ljava/lang/reflect/Method;Ljava/lang/String;[Ljava/lang/Class;Z)Ljava/lang/PublicMethods$MethodList; @ 21 c2
Event: 23.377 Thread 0x000001c0a6f23800 Uncommon trap: reason=profile_predicate action=maybe_recompile pc=0x000001c097b557f8 method=java.lang.PublicMethods$MethodList.filter([Ljava/lang/reflect/Method;Ljava/lang/String;[Ljava/lang/Class;Z)Ljava/lang/PublicMethods$MethodList; @ 21 c2
Event: 23.377 Thread 0x000001c0a6f23800 Uncommon trap: reason=profile_predicate action=maybe_recompile pc=0x000001c097b557f8 method=java.lang.PublicMethods$MethodList.filter([Ljava/lang/reflect/Method;Ljava/lang/String;[Ljava/lang/Class;Z)Ljava/lang/PublicMethods$MethodList; @ 21 c2
Event: 23.377 Thread 0x000001c0a6f23800 Uncommon trap: reason=profile_predicate action=maybe_recompile pc=0x000001c097b557f8 method=java.lang.PublicMethods$MethodList.filter([Ljava/lang/reflect/Method;Ljava/lang/String;[Ljava/lang/Class;Z)Ljava/lang/PublicMethods$MethodList; @ 21 c2
Event: 23.542 Thread 0x000001c0a6f23800 Uncommon trap: reason=unstable_if action=reinterpret pc=0x000001c097b072f0 method=org.springframework.core.annotation.TypeMappedAnnotations$MergedAnnotationFinder.doWithAnnotations(Ljava/lang/Object;ILjava/lang/Object;[Ljava/lang/annotation/Annotation;)Lo
Event: 23.547 Thread 0x000001c0a6f23800 Uncommon trap: reason=unstable_if action=reinterpret pc=0x000001c097ad1f4c method=org.springframework.beans.factory.support.AbstractAutowireCapableBeanFactory.determineTargetType(Ljava/lang/String;Lorg/springframework/beans/factory/support/RootBeanDefinit
Event: 23.593 Thread 0x000001c0a6f23800 Uncommon trap: reason=unstable_if action=reinterpret pc=0x000001c097a8b5d8 method=java.util.HashMap.putVal(ILjava/lang/Object;Ljava/lang/Object;ZZ)Ljava/lang/Object; @ 162 c2
Event: 23.594 Thread 0x000001c0a6f23800 Uncommon trap: reason=unstable_if action=reinterpret pc=0x000001c097a201d0 method=java.util.HashMap.getNode(ILjava/lang/Object;)Ljava/util/HashMap$Node; @ 84 c2
Event: 23.594 Thread 0x000001c0a6f23800 Uncommon trap: reason=unstable_if action=reinterpret pc=0x000001c097aa8e78 method=java.util.HashMap.putVal(ILjava/lang/Object;Ljava/lang/Object;ZZ)Ljava/lang/Object; @ 109 c2
Event: 23.594 Thread 0x000001c0a6f23800 Uncommon trap: reason=unstable_if action=reinterpret pc=0x000001c097a1fbc4 method=java.util.HashMap.getNode(ILjava/lang/Object;)Ljava/util/HashMap$Node; @ 84 c2

Classes redefined (0 events):
No events

Internal exceptions (10 events):
Event: 23.508 Thread 0x000001c0a6f23800 Exception <a 'java/lang/ClassNotFoundException'{0x0000000086289498}: org/springframework/beans/factory/AwareCustomizer> (0x0000000086289498) thrown at [./open/src/hotspot/share/classfile/systemDictionary.cpp, line 226]
Event: 23.509 Thread 0x000001c0a6f23800 Exception <a 'java/lang/ClassNotFoundException'{0x00000000862a26f0}: org/springframework/beans/factory/BeanFactoryAwareCustomizer> (0x00000000862a26f0) thrown at [./open/src/hotspot/share/classfile/systemDictionary.cpp, line 226]
Event: 23.510 Thread 0x000001c0a6f23800 Exception <a 'java/lang/ClassNotFoundException'{0x00000000862bade8}: org/springframework/beans/factory/AwareCustomizer> (0x00000000862bade8) thrown at [./open/src/hotspot/share/classfile/systemDictionary.cpp, line 226]
Event: 23.511 Thread 0x000001c0a6f23800 Exception <a 'java/lang/ClassNotFoundException'{0x00000000862d5798}: org/springframework/context/ApplicationEventPublisherAwareCustomizer> (0x00000000862d5798) thrown at [./open/src/hotspot/share/classfile/systemDictionary.cpp, line 226]
Event: 23.512 Thread 0x000001c0a6f23800 Exception <a 'java/lang/ClassNotFoundException'{0x00000000862ee0e8}: org/springframework/beans/factory/AwareCustomizer> (0x00000000862ee0e8) thrown at [./open/src/hotspot/share/classfile/systemDictionary.cpp, line 226]
Event: 23.549 Thread 0x000001c0a6f23800 Exception <a 'java/lang/ClassNotFoundException'{0x0000000086121cb0}: java/lang/ObjectCustomizer> (0x0000000086121cb0) thrown at [./open/src/hotspot/share/classfile/systemDictionary.cpp, line 226]
Event: 23.554 Thread 0x000001c0a6f23800 Exception <a 'java/lang/ClassNotFoundException'{0x0000000086140a10}: org/springframework/core/io/support/PropertiesLoaderSupportCustomizer> (0x0000000086140a10) thrown at [./open/src/hotspot/share/classfile/systemDictionary.cpp, line 226]
Event: 23.556 Thread 0x000001c0a6f23800 Exception <a 'java/lang/ClassNotFoundException'{0x0000000086164ec0}: org/springframework/beans/factory/config/PropertiesFactoryBeanCustomizer> (0x0000000086164ec0) thrown at [./open/src/hotspot/share/classfile/systemDictionary.cpp, line 226]
Event: 23.560 Thread 0x000001c0a6f23800 Exception <a 'java/lang/ClassNotFoundException'{0x000000008618e990}: org/springframework/beans/factory/FactoryBeanCustomizer> (0x000000008618e990) thrown at [./open/src/hotspot/share/classfile/systemDictionary.cpp, line 226]
Event: 23.563 Thread 0x000001c0a6f23800 Exception <a 'java/lang/ClassNotFoundException'{0x00000000861ab0f0}: org/springframework/beans/factory/InitializingBeanCustomizer> (0x00000000861ab0f0) thrown at [./open/src/hotspot/share/classfile/systemDictionary.cpp, line 226]

Events (10 events):
Event: 23.923 loading class org/apache/logging/log4j/message/ExitMessage
Event: 23.923 loading class org/apache/logging/log4j/message/ExitMessage done
Event: 23.924 loading class org/apache/logging/log4j/message/FlowMessage
Event: 23.924 loading class org/apache/logging/log4j/message/FlowMessage done
Event: 23.925 loading class org/apache/logging/log4j/message/EntryMessage
Event: 23.925 loading class org/apache/logging/log4j/message/EntryMessage done
Event: 23.926 loading class org/apache/logging/log4j/status/StatusLogger$BoundedQueue
Event: 23.926 loading class org/apache/logging/log4j/status/StatusLogger$BoundedQueue done
Event: 23.927 loading class org/apache/logging/log4j/util/Strings
Event: 23.927 loading class org/apache/logging/log4j/util/Strings done


Dynamic libraries:
0x00007ff7fcfc0000 - 0x00007ff7fcfcf000 	C:\Program Files\Java\jdk-11.0.16.1\bin\java.exe
0x00007ff88a970000 - 0x00007ff88ab68000 	C:\WINDOWS\SYSTEM32\ntdll.dll
0x00007ff88a740000 - 0x00007ff88a7ff000 	C:\WINDOWS\System32\KERNEL32.DLL
0x00007ff8886a0000 - 0x00007ff888972000 	C:\WINDOWS\System32\KERNELBASE.dll
0x00007ff888500000 - 0x00007ff888600000 	C:\WINDOWS\System32\ucrtbase.dll
0x00007ff884d90000 - 0x00007ff884da5000 	C:\Program Files\Java\jdk-11.0.16.1\bin\VCRUNTIME140.dll
0x00007ff874a70000 - 0x00007ff874a88000 	C:\Program Files\Java\jdk-11.0.16.1\bin\jli.dll
0x00007ff889100000 - 0x00007ff8891ae000 	C:\WINDOWS\System32\ADVAPI32.dll
0x00007ff889290000 - 0x00007ff88932e000 	C:\WINDOWS\System32\msvcrt.dll
0x00007ff889490000 - 0x00007ff88952c000 	C:\WINDOWS\System32\sechost.dll
0x00007ff889b70000 - 0x00007ff889c95000 	C:\WINDOWS\System32\RPCRT4.dll
0x00007ff889660000 - 0x00007ff889801000 	C:\WINDOWS\System32\USER32.dll
0x00007ff888060000 - 0x00007ff888082000 	C:\WINDOWS\System32\win32u.dll
0x00007ff88a1d0000 - 0x00007ff88a1fb000 	C:\WINDOWS\System32\GDI32.dll
0x00007ff873ae0000 - 0x00007ff873d7a000 	C:\WINDOWS\WinSxS\amd64_microsoft.windows.common-controls_6595b64144ccf1df_6.0.19041.1110_none_60b5254171f9507e\COMCTL32.dll
0x00007ff8881f0000 - 0x00007ff8882ff000 	C:\WINDOWS\System32\gdi32full.dll
0x00007ff888600000 - 0x00007ff88869d000 	C:\WINDOWS\System32\msvcp_win.dll
0x00007ff882e30000 - 0x00007ff882e3a000 	C:\WINDOWS\SYSTEM32\VERSION.dll
0x00007ff889620000 - 0x00007ff889652000 	C:\WINDOWS\System32\IMM32.DLL
0x00007ff86d910000 - 0x00007ff86d9ab000 	C:\Program Files\Java\jdk-11.0.16.1\bin\msvcp140.dll
0x00007ff859240000 - 0x00007ff859d58000 	C:\Program Files\Java\jdk-11.0.16.1\bin\server\jvm.dll
0x00007ff889610000 - 0x00007ff889618000 	C:\WINDOWS\System32\PSAPI.DLL
0x00007ff875330000 - 0x00007ff875357000 	C:\WINDOWS\SYSTEM32\WINMM.dll
0x00007ff875690000 - 0x00007ff875699000 	C:\WINDOWS\SYSTEM32\WSOCK32.dll
0x00007ff88a6d0000 - 0x00007ff88a73b000 	C:\WINDOWS\System32\WS2_32.dll
0x00007ff885e40000 - 0x00007ff885e52000 	C:\WINDOWS\SYSTEM32\kernel.appcore.dll
0x00007ff885110000 - 0x00007ff885120000 	C:\Program Files\Java\jdk-11.0.16.1\bin\verify.dll
0x00007ff876200000 - 0x00007ff8763e4000 	C:\WINDOWS\SYSTEM32\DBGHELP.DLL
0x00007ff875740000 - 0x00007ff875775000 	C:\WINDOWS\SYSTEM32\dbgcore.DLL
0x00007ff888400000 - 0x00007ff888482000 	C:\WINDOWS\System32\bcryptPrimitives.dll
0x00007ff878e20000 - 0x00007ff878e48000 	C:\Program Files\Java\jdk-11.0.16.1\bin\java.dll
0x00007ff8824c0000 - 0x00007ff8824ca000 	C:\Program Files\Java\jdk-11.0.16.1\bin\jimage.dll
0x00007ff875e00000 - 0x00007ff875e16000 	C:\Program Files\Java\jdk-11.0.16.1\bin\zip.dll
0x00007ff8889b0000 - 0x00007ff8890f4000 	C:\WINDOWS\System32\SHELL32.dll
0x00007ff886120000 - 0x00007ff8868b2000 	C:\WINDOWS\SYSTEM32\windows.storage.dll
0x00007ff889810000 - 0x00007ff889b65000 	C:\WINDOWS\System32\combase.dll
0x00007ff887a70000 - 0x00007ff887aa0000 	C:\WINDOWS\SYSTEM32\Wldp.dll
0x00007ff8893e0000 - 0x00007ff88948d000 	C:\WINDOWS\System32\SHCORE.dll
0x00007ff889fd0000 - 0x00007ff88a025000 	C:\WINDOWS\System32\shlwapi.dll
0x00007ff887fa0000 - 0x00007ff887fbf000 	C:\WINDOWS\SYSTEM32\profapi.dll
0x00007ff8755d0000 - 0x00007ff8755e9000 	C:\Program Files\Java\jdk-11.0.16.1\bin\net.dll
0x00007ff880dc0000 - 0x00007ff880ecc000 	C:\WINDOWS\SYSTEM32\WINHTTP.dll
0x00007ff887740000 - 0x00007ff8877aa000 	C:\WINDOWS\system32\mswsock.dll
0x00007ff875060000 - 0x00007ff875072000 	C:\Program Files\Java\jdk-11.0.16.1\bin\nio.dll
0x00007ff8822d0000 - 0x00007ff8822d9000 	C:\Program Files\Java\jdk-11.0.16.1\bin\management.dll
0x00007ff881790000 - 0x00007ff88179b000 	C:\Program Files\Java\jdk-11.0.16.1\bin\management_ext.dll
0x00007ff875900000 - 0x00007ff875917000 	C:\WINDOWS\system32\napinsp.dll
0x00007ff873690000 - 0x00007ff8736ab000 	C:\WINDOWS\system32\pnrpnsp.dll
0x00007ff873560000 - 0x00007ff873575000 	C:\WINDOWS\system32\wshbth.dll
0x00007ff8839c0000 - 0x00007ff8839dd000 	C:\WINDOWS\system32\NLAapi.dll
0x00007ff887430000 - 0x00007ff88746b000 	C:\WINDOWS\SYSTEM32\IPHLPAPI.DLL
0x00007ff887470000 - 0x00007ff88753a000 	C:\WINDOWS\SYSTEM32\DNSAPI.dll
0x00007ff889280000 - 0x00007ff889288000 	C:\WINDOWS\System32\NSI.dll
0x00007ff873490000 - 0x00007ff8734a2000 	C:\WINDOWS\System32\winrnr.dll
0x00007ff87ce70000 - 0x00007ff87ce7a000 	C:\Windows\System32\rasadhlp.dll
0x00007ff87ced0000 - 0x00007ff87cf50000 	C:\WINDOWS\System32\fwpuclnt.dll
0x00007ff888980000 - 0x00007ff8889a7000 	C:\WINDOWS\System32\bcrypt.dll
0x00007ff887940000 - 0x00007ff887958000 	C:\WINDOWS\SYSTEM32\CRYPTSP.dll
0x00007ff887060000 - 0x00007ff887094000 	C:\WINDOWS\system32\rsaenh.dll
0x00007ff887f60000 - 0x00007ff887f8e000 	C:\WINDOWS\SYSTEM32\USERENV.dll
0x00007ff887930000 - 0x00007ff88793c000 	C:\WINDOWS\SYSTEM32\CRYPTBASE.dll
0x00007ff87f8a0000 - 0x00007ff87f8b7000 	C:\WINDOWS\SYSTEM32\dhcpcsvc6.DLL
0x00007ff87fb90000 - 0x00007ff87fbad000 	C:\WINDOWS\SYSTEM32\dhcpcsvc.DLL
0x00007ff86fbd0000 - 0x00007ff86fbf5000 	C:\Program Files\Java\jdk-11.0.16.1\bin\sunec.dll
0x00007ff880600000 - 0x00007ff88060d000 	C:\Program Files\Java\jdk-11.0.16.1\bin\sunmscapi.dll
0x00007ff888090000 - 0x00007ff8881e6000 	C:\WINDOWS\System32\CRYPT32.dll
0x00007ff887b30000 - 0x00007ff887b57000 	C:\WINDOWS\SYSTEM32\ncrypt.dll
0x00007ff887af0000 - 0x00007ff887b2b000 	C:\WINDOWS\SYSTEM32\NTASN1.dll

dbghelp: loaded successfully - version: 4.0.5 - missing functions: none
symbol engine: initialized successfully - sym options: 0x614 - pdb path: .;C:\Program Files\Java\jdk-11.0.16.1\bin;C:\WINDOWS\SYSTEM32;C:\WINDOWS\WinSxS\amd64_microsoft.windows.common-controls_6595b64144ccf1df_6.0.19041.1110_none_60b5254171f9507e;C:\Program Files\Java\jdk-11.0.16.1\bin\server

VM Arguments:
java_command: com.portfolio.argprograma.ArgprogramaApplication
java_class_path (initial): C:\Users\Darian A. Hiebl\Downloads\Darian-Back-main\Darian-Back-main\target\classes;C:\Users\Darian A. Hiebl\.m2\repository\org\springframework\boot\spring-boot-starter-data-jpa\2.7.5\spring-boot-starter-data-jpa-2.7.5.jar;C:\Users\Darian A. Hiebl\.m2\repository\org\springframework\boot\spring-boot-starter-aop\2.7.5\spring-boot-starter-aop-2.7.5.jar;C:\Users\Darian A. Hiebl\.m2\repository\org\aspectj\aspectjweaver\1.9.7\aspectjweaver-1.9.7.jar;C:\Users\Darian A. Hiebl\.m2\repository\org\springframework\boot\spring-boot-starter-jdbc\2.7.5\spring-boot-starter-jdbc-2.7.5.jar;C:\Users\Darian A. Hiebl\.m2\repository\com\zaxxer\HikariCP\4.0.3\HikariCP-4.0.3.jar;C:\Users\Darian A. Hiebl\.m2\repository\org\springframework\spring-jdbc\5.3.23\spring-jdbc-5.3.23.jar;C:\Users\Darian A. Hiebl\.m2\repository\jakarta\transaction\jakarta.transaction-api\1.3.3\jakarta.transaction-api-1.3.3.jar;C:\Users\Darian A. Hiebl\.m2\repository\org\springframework\data\spring-data-jpa\2.7.5\spring-data-jpa-2.7.5.jar;C:\Users\Darian A. Hiebl\.m2\repository\org\springframework\data\spring-data-commons\2.7.5\spring-data-commons-2.7.5.jar;C:\Users\Darian A. Hiebl\.m2\repository\org\springframework\spring-orm\5.3.23\spring-orm-5.3.23.jar;C:\Users\Darian A. Hiebl\.m2\repository\org\springframework\spring-tx\5.3.23\spring-tx-5.3.23.jar;C:\Users\Darian A. Hiebl\.m2\repository\org\springframework\spring-aspects\5.3.23\spring-aspects-5.3.23.jar;C:\Users\Darian A. Hiebl\.m2\repository\org\modelmapper\modelmapper\3.0.0\modelmapper-3.0.0.jar;C:\Users\Darian A. Hiebl\.m2\repository\org\springframework\boot\spring-boot-starter-web\2.7.5\spring-boot-starter-web-2.7.5.jar;C:\Users\Darian A. Hiebl\.m2\repository\org\springframework\boot\spring-boot-starter\2.7.5\spring-boot-starter-2.7.5.jar;C:\Users\Darian A. Hiebl\.m2\repository\org\springframework\boot\spring-boot-starter-logging\2.7.5\spring-boot-starter-logging-2.7.5.jar;C:\Users\Darian A. Hiebl\.m2\repository\org\apache\logging
Launcher Type: SUN_STANDARD

[Global flags]
     intx CICompilerCount                          = 3                                         {product} {ergonomic}
     uint ConcGCThreads                            = 1                                         {product} {ergonomic}
     uint G1ConcRefinementThreads                  = 4                                         {product} {ergonomic}
   size_t G1HeapRegionSize                         = 1048576                                   {product} {ergonomic}
    uintx GCDrainStackTargetSize                   = 64                                        {product} {ergonomic}
   size_t InitialHeapSize                          = 134217728                                 {product} {ergonomic}
   size_t MarkStackSize                            = 4194304                                   {product} {ergonomic}
   size_t MaxHeapSize                              = 2126512128                                {product} {ergonomic}
   size_t MaxNewSize                               = 1275068416                                {product} {ergonomic}
   size_t MinHeapDeltaBytes                        = 1048576                                   {product} {ergonomic}
    uintx NonNMethodCodeHeapSize                   = 5830732                                {pd product} {ergonomic}
    uintx NonProfiledCodeHeapSize                  = 122913754                              {pd product} {ergonomic}
    uintx ProfiledCodeHeapSize                     = 122913754                              {pd product} {ergonomic}
    uintx ReservedCodeCacheSize                    = 251658240                              {pd product} {ergonomic}
     bool SegmentedCodeCache                       = true                                      {product} {ergonomic}
     bool UseCompressedClassPointers               = true                                 {lp64_product} {ergonomic}
     bool UseCompressedOops                        = true                                 {lp64_product} {ergonomic}
     bool UseG1GC                                  = true                                      {product} {ergonomic}
     bool UseLargePagesIndividualAllocation        = false                                  {pd product} {ergonomic}

Logging:
Log output configuration:
 #0: stdout all=warning uptime,level,tags
 #1: stderr all=off uptime,level,tags

Environment Variables:
JAVA_HOME=C:\Program Files\Java\jdk-11.0.16.1
PATH=C:\Program Files\Common Files\Oracle\Java\javapath;C:\WINDOWS\system32;C:\WINDOWS;C:\WINDOWS\System32\Wbem;C:\WINDOWS\System32\WindowsPowerShell\v1.0\;C:\WINDOWS\System32\OpenSSH\;c:\Program Files (x86)\Microsoft SQL Server\100\Tools\Binn\;c:\Program Files\Microsoft SQL Server\100\Tools\Binn\;c:\Program Files\Microsoft SQL Server\100\DTS\Binn\;C:\Program Files\Git\cmd;C:\Program Files\Microsoft VS Code\bin;C:\Program Files\nodejs\;C:\Users\Darian A. Hiebl\AppData\Local\Microsoft\WindowsApps;C:\Program Files (x86)\Brackets\;C:\Users\Darian A. Hiebl\AppData\Roaming\npm;C:\Program Files\heroku\bin;C:\Users\Darian A. Hiebl\.fly\bin
USERNAME=Darian A. Hiebl
OS=Windows_NT
PROCESSOR_IDENTIFIER=Intel64 Family 6 Model 78 Stepping 3, GenuineIntel



---------------  S Y S T E M  ---------------

OS: Windows 10 , 64 bit Build 19041 (10.0.19041.2364)

CPU:total 4 (initial active 4) (2 cores per cpu, 2 threads per core) family 6 model 78 stepping 3 microcode 0xcc, cmov, cx8, fxsr, mmx, sse, sse2, sse3, ssse3, sse4.1, sse4.2, popcnt, avx, avx2, aes, clmul, erms, 3dnowpref, lzcnt, ht, tsc, tscinvbit, bmi1, bmi2, adx, fma

Memory: 4k page, system-wide physical 8109M (267M free)
TotalPageFile size 8109M (AvailPageFile size 6M)
current process WorkingSet (physical memory assigned to process): 218M, peak: 218M
current process commit charge ("private bytes"): 294M, peak: 294M

vm_info: Java HotSpot(TM) 64-Bit Server VM (11.0.16.1+1-LTS-1) for windows-amd64 JRE (11.0.16.1+1-LTS-1), built on Aug 16 2022 01:46:01 by "mach5one" with MS VC++ 15.9 (VS2017)

END.
